\BOOKMARK [0][-]{chapter.10}{\376\377\000I\000n\000t\000r\000o\000d\000u\000c\000t\000i\000o\000n}{}% 1
\BOOKMARK [0][-]{chapter.11}{\376\377\000S\000t\000a\000t\000e\000\040\000o\000f\000\040\000t\000h\000e\000\040\000a\000r\000t}{}% 2
\BOOKMARK [1][-]{section.12}{\376\377\000S\000e\000l\000e\000c\000t\000i\000v\000e\000\040\000l\000a\000s\000e\000r\000\040\000m\000e\000l\000t\000i\000n\000g\000\040\000t\000e\000c\000h\000n\000o\000l\000o\000g\000y}{chapter.11}% 3
\BOOKMARK [1][-]{section.16}{\376\377\000A\000l\000S\000i\0001\0000\000M\000g\000\040\000a\000l\000l\000o\000y}{chapter.11}% 4
\BOOKMARK [1][-]{section.20}{\376\377\000F\000a\000b\000r\000i\000c\000a\000t\000i\000o\000n\000\040\000p\000r\000o\000c\000e\000s\000s\000\040\000p\000a\000r\000a\000m\000e\000t\000e\000r\000s}{chapter.11}% 5
\BOOKMARK [1][-]{section.25}{\376\377\000A\000s\000-\000b\000u\000i\000l\000t\000\040\000m\000e\000c\000h\000a\000n\000i\000c\000a\000l\000\040\000p\000r\000o\000p\000e\000r\000t\000i\000e\000s}{chapter.11}% 6
\BOOKMARK [1][-]{section.30}{\376\377\000R\000e\000s\000i\000d\000u\000a\000l\000\040\000s\000t\000r\000e\000s\000s\000e\000s\000\040\000i\000n\000\040\000S\000L\000M\000\040\000p\000a\000r\000t\000s}{chapter.11}% 7
\BOOKMARK [1][-]{section.35}{\376\377\000P\000o\000s\000t\000\040\000t\000r\000e\000a\000t\000m\000e\000n\000t\000s}{chapter.11}% 8
\BOOKMARK [0][-]{chapter.39}{\376\377\000M\000a\000t\000e\000r\000i\000a\000l\000s\000\040\000a\000n\000d\000\040\000m\000e\000t\000h\000o\000d\000s}{}% 9
\BOOKMARK [1][-]{section.40}{\376\377\000P\000o\000w\000d\000e\000r\000\040\000f\000o\000l\000l\000o\000w\000-\000u\000p}{chapter.39}% 10
\BOOKMARK [2][-]{subsection.41}{\376\377\000S\000i\000e\000v\000i\000n\000g}{section.40}% 11
\BOOKMARK [2][-]{subsection.42}{\376\377\000G\000r\000a\000i\000n\000\040\000s\000i\000z\000e\000\040\000a\000n\000d\000\040\000d\000i\000s\000t\000r\000i\000b\000u\000t\000i\000o\000n}{section.40}% 12
\BOOKMARK [2][-]{subsection.43}{\376\377\000C\000o\000m\000p\000o\000s\000i\000t\000i\000o\000n}{section.40}% 13
\BOOKMARK [1][-]{section.45}{\376\377\000S\000L\000M\000\040\000m\000a\000n\000u\000f\000a\000c\000t\000u\000r\000i\000n\000g}{chapter.39}% 14
\BOOKMARK [1][-]{section.53}{\376\377\000H\000e\000a\000t\000\040\000t\000r\000e\000a\000t\000m\000e\000n\000t\000s}{chapter.39}% 15
\BOOKMARK [1][-]{section.57}{\376\377\000C\000h\000a\000r\000a\000c\000t\000e\000r\000i\000s\000a\000t\000i\000o\000n}{chapter.39}% 16
\BOOKMARK [2][-]{subsection.58}{\376\377\000D\000e\000n\000s\000i\000t\000y}{section.57}% 17
\BOOKMARK [2][-]{subsection.63}{\376\377\000M\000i\000c\000r\000o\000s\000t\000r\000u\000c\000t\000u\000r\000e}{section.57}% 18
\BOOKMARK [2][-]{subsection.66}{\376\377\000R\000e\000s\000i\000d\000u\000a\000l\000\040\000s\000t\000r\000e\000s\000s\000e\000s}{section.57}% 19
\BOOKMARK [2][-]{subsection.67}{\376\377\000M\000e\000c\000h\000a\000n\000i\000c\000a\000l\000\040\000p\000r\000o\000p\000e\000r\000t\000i\000e\000s}{section.57}% 20
\BOOKMARK [0][-]{chapter.74}{\376\377\000R\000e\000s\000u\000l\000t\000s}{}% 21
\BOOKMARK [1][-]{section.75}{\376\377\000P\000o\000w\000d\000e\000r\000\040\000a\000g\000e\000i\000n\000g}{chapter.74}% 22
\BOOKMARK [2][-]{subsection.76}{\376\377\000G\000r\000a\000i\000n\000\040\000s\000i\000z\000e\000\040\000a\000n\000d\000\040\000d\000i\000s\000t\000r\000i\000b\000u\000t\000i\000o\000n}{section.75}% 23
\BOOKMARK [2][-]{subsection.78}{\376\377\000C\000o\000m\000p\000o\000s\000i\000t\000i\000o\000n}{section.75}% 24
\BOOKMARK [1][-]{section.84}{\376\377\000D\000e\000n\000s\000i\000t\000y\000\040\000a\000n\000d\000\040\000h\000a\000r\000d\000n\000e\000s\000s\000\040\000s\000t\000u\000d\000y}{chapter.74}% 25
\BOOKMARK [2][-]{subsection.85}{\376\377\000O\000p\000t\000i\000m\000i\000s\000a\000t\000i\000o\000n\000\040\000o\000f\000\040\000t\000h\000e\000\040\000S\000L\000M\000\040\000p\000a\000r\000a\000m\000e\000t\000e\000r\000s}{section.84}% 26
\BOOKMARK [2][-]{subsection.87}{\376\377\000R\000e\000p\000r\000o\000d\000u\000c\000i\000b\000i\000l\000i\000t\000y}{section.84}% 27
\BOOKMARK [2][-]{subsection.107}{\376\377\000H\000o\000m\000o\000g\000e\000n\000e\000i\000t\000y}{section.84}% 28
\BOOKMARK [1][-]{section.111}{\376\377\000C\000h\000a\000r\000a\000c\000t\000e\000r\000i\000s\000a\000t\000i\000o\000n\000\040\000o\000f\000\040\000t\000h\000e\000\040\000a\000s\000-\000b\000u\000i\000l\000t\000\040\000s\000a\000m\000p\000l\000e\000s}{chapter.74}% 29
\BOOKMARK [2][-]{subsection.112}{\376\377\000M\000e\000c\000h\000a\000n\000i\000c\000a\000l\000\040\000p\000r\000o\000p\000e\000r\000t\000i\000e\000s}{section.111}% 30
\BOOKMARK [2][-]{subsection.114}{\376\377\000M\000i\000c\000r\000o\000s\000t\000r\000u\000c\000t\000u\000r\000e}{section.111}% 31
\BOOKMARK [1][-]{section.115}{\376\377\000C\000h\000a\000r\000a\000c\000t\000e\000r\000i\000s\000a\000t\000i\000o\000n\000\040\000o\000f\000\040\000t\000h\000e\000\040\000h\000e\000a\000t\000-\000t\000r\000e\000a\000t\000e\000d\000\040\000s\000a\000m\000p\000l\000e\000s}{chapter.74}% 32
\BOOKMARK [2][-]{subsection.116}{\376\377\000D\000e\000n\000s\000i\000t\000y}{section.115}% 33
\BOOKMARK [2][-]{subsection.117}{\376\377\000H\000a\000r\000d\000n\000e\000s\000s}{section.115}% 34
\BOOKMARK [2][-]{subsection.119}{\376\377\000M\000e\000c\000h\000a\000n\000i\000c\000a\000l\000\040\000p\000r\000o\000p\000e\000r\000t\000i\000e\000s}{section.115}% 35
\BOOKMARK [2][-]{subsection.122}{\376\377\000M\000i\000c\000r\000o\000s\000t\000r\000u\000c\000t\000u\000r\000e}{section.115}% 36
\BOOKMARK [1][-]{section.124}{\376\377\000R\000e\000s\000i\000d\000u\000a\000l\000\040\000s\000t\000r\000e\000s\000s\000e\000s}{chapter.74}% 37
\BOOKMARK [0][-]{chapter.129}{\376\377\000D\000i\000s\000c\000u\000s\000s\000i\000o\000n}{}% 38
\BOOKMARK [1][-]{section.130}{\376\377\000P\000o\000w\000d\000e\000r\000\040\000a\000g\000e\000i\000n\000g}{chapter.129}% 39
\BOOKMARK [2][-]{subsection.131}{\376\377\000G\000r\000a\000i\000n\000\040\000s\000i\000z\000e\000\040\000a\000n\000d\000\040\000d\000i\000s\000t\000r\000i\000b\000u\000t\000i\000o\000n}{section.130}% 40
\BOOKMARK [2][-]{subsection.132}{\376\377\000C\000o\000m\000p\000o\000s\000i\000t\000i\000o\000n}{section.130}% 41
\BOOKMARK [1][-]{section.133}{\376\377\000D\000e\000n\000s\000i\000t\000y\000\040\000m\000e\000a\000s\000u\000r\000e\000s\000\040\000a\000s\000s\000e\000s\000s\000m\000e\000n\000t\000s}{chapter.129}% 42
\BOOKMARK [2][-]{subsection.134}{\376\377\000R\000e\000l\000a\000t\000i\000v\000e\000\040\000o\000p\000t\000i\000c\000a\000l\000\040\000d\000e\000n\000s\000i\000t\000y\000\040\000i\000m\000a\000g\000e\000\040\000a\000n\000a\000l\000y\000s\000i\000s}{section.133}% 43
\BOOKMARK [2][-]{subsection.140}{\376\377\000M\000e\000a\000s\000u\000r\000e\000s\000\040\000c\000o\000m\000p\000a\000r\000i\000s\000o\000n}{section.133}% 44
\BOOKMARK [1][-]{section.143}{\376\377\000D\000e\000n\000s\000i\000t\000y\000\040\000a\000n\000d\000\040\000h\000a\000r\000d\000n\000e\000s\000s\000\040\000s\000t\000u\000d\000y}{chapter.129}% 45
\BOOKMARK [2][-]{subsection.144}{\376\377\000P\000a\000r\000a\000m\000e\000t\000e\000r\000s\000\040\000o\000p\000t\000i\000m\000i\000s\000a\000t\000i\000o\000n}{section.143}% 46
\BOOKMARK [2][-]{subsection.146}{\376\377\000R\000e\000p\000r\000o\000d\000u\000c\000i\000b\000i\000l\000i\000t\000y}{section.143}% 47
\BOOKMARK [1][-]{section.147}{\376\377\000C\000h\000a\000r\000a\000c\000t\000e\000r\000i\000s\000a\000t\000i\000o\000n\000\040\000o\000f\000\040\000t\000h\000e\000\040\000a\000s\000-\000b\000u\000i\000l\000t\000\040\000s\000a\000m\000p\000l\000e\000s}{chapter.129}% 48
\BOOKMARK [2][-]{subsection.148}{\376\377\000M\000e\000c\000h\000a\000n\000i\000c\000a\000l\000\040\000p\000r\000o\000p\000e\000r\000t\000i\000e\000s}{section.147}% 49
\BOOKMARK [2][-]{subsection.150}{\376\377\000M\000i\000c\000r\000o\000s\000t\000r\000u\000c\000t\000u\000r\000e}{section.147}% 50
\BOOKMARK [1][-]{section.151}{\376\377\000C\000h\000a\000r\000a\000c\000t\000e\000r\000i\000s\000a\000t\000i\000o\000n\000\040\000o\000f\000\040\000t\000h\000e\000\040\000h\000e\000a\000t\000\040\000t\000r\000e\000a\000t\000e\000d\000\040\000s\000a\000m\000p\000l\000e\000s}{chapter.129}% 51
\BOOKMARK [2][-]{subsection.152}{\376\377\000H\000e\000a\000t\000i\000n\000g\000\040\000p\000r\000o\000c\000e\000s\000s}{section.151}% 52
\BOOKMARK [2][-]{subsection.153}{\376\377\000R\000e\000s\000i\000d\000u\000a\000l\000\040\000s\000t\000r\000e\000s\000s\000e\000s}{section.151}% 53
\BOOKMARK [2][-]{subsection.154}{\376\377\000M\000e\000c\000h\000a\000n\000i\000c\000a\000l\000\040\000p\000r\000o\000p\000e\000r\000t\000i\000e\000s}{section.151}% 54
\BOOKMARK [2][-]{subsection.155}{\376\377\000M\000i\000c\000r\000o\000s\000t\000r\000u\000c\000t\000u\000r\000e}{section.151}% 55
\BOOKMARK [2][-]{subsection.156}{\376\377\000O\000p\000t\000i\000m\000i\000s\000a\000t\000i\000o\000n}{section.151}% 56
\BOOKMARK [0][-]{chapter.157}{\376\377\000C\000o\000n\000c\000l\000u\000s\000i\000o\000n}{}% 57
\BOOKMARK [0][-]{appendix.158}{\376\377\000B\000a\000t\000c\000h\000e\000s\000\040\000f\000a\000b\000r\000i\000c\000a\000t\000i\000o\000n\000\040\000a\000n\000d\000\040\000h\000a\000r\000d\000n\000e\000s\000s\000/\000d\000e\000n\000s\000i\000t\000y\000\040\000m\000e\000a\000s\000u\000r\000e\000m\000e\000n\000t\000s\000\040\000d\000e\000t\000a\000i\000l\000s}{}% 58
\BOOKMARK [1][-]{section.159}{\376\377\000P\000r\000o\000c\000e\000s\000s\000\040\000p\000a\000r\000a\000m\000e\000t\000e\000r\000s\000\040\000a\000n\000d\000\040\000m\000e\000a\000s\000u\000r\000e\000d\000\040\000h\000a\000r\000d\000n\000e\000s\000s\000/\000d\000e\000n\000s\000i\000t\000y\000\040\000p\000r\000o\000p\000e\000r\000t\000i\000e\000s}{appendix.158}% 59
\BOOKMARK [1][-]{section.164}{\376\377\000S\000p\000e\000c\000i\000m\000e\000n\000s\000\040\000p\000o\000s\000i\000t\000i\000o\000n\000i\000n\000g\000,\000\040\000f\000a\000b\000r\000i\000c\000a\000t\000i\000o\000n\000\040\000o\000r\000d\000e\000r\000s\000\040\000a\000n\000d\000\040\000s\000i\000n\000t\000e\000r\000i\000n\000g\000\040\000t\000i\000m\000e\000s}{appendix.158}% 60
\BOOKMARK [2][-]{subsection.165}{\376\377\000B\000a\000t\000c\000h\000\040\000X\0002\0000\0000\000-\0001\0007\0001\0000\0002\0004}{section.164}% 61
\BOOKMARK [2][-]{subsection.168}{\376\377\000B\000a\000t\000c\000h\000\040\000X\0002\0000\0000\000-\0001\0008\0000\0001\0000\0009}{section.164}% 62
\BOOKMARK [2][-]{subsection.171}{\376\377\000B\000a\000t\000c\000h\000\040\000X\0002\0000\0000\000-\0001\0008\0000\0002\0002\0000}{section.164}% 63
\BOOKMARK [2][-]{subsection.173}{\376\377\000B\000a\000t\000c\000h\000\040\000X\0002\0000\0000\000-\0001\0008\0000\0002\0002\0002}{section.164}% 64
\BOOKMARK [2][-]{subsection.176}{\376\377\000B\000a\000t\000c\000h\000\040\000X\0002\0000\0000\000-\0001\0008\0000\0002\0002\0008}{section.164}% 65
\BOOKMARK [2][-]{subsection.179}{\376\377\000B\000a\000t\000c\000h\000\040\000X\0002\0000\0000\000-\0001\0008\0000\0003\0001\0003}{section.164}% 66
\BOOKMARK [2][-]{subsection.182}{\376\377\000B\000a\000t\000c\000h\000\040\000X\0002\0000\0000\000-\0001\0008\0000\0003\0001\0005}{section.164}% 67
\BOOKMARK [2][-]{subsection.185}{\376\377\000B\000a\000t\000c\000h\000\040\000X\0002\0000\0000\000-\0001\0008\0000\0003\0001\0009}{section.164}% 68
\BOOKMARK [2][-]{subsection.188}{\376\377\000B\000a\000t\000c\000h\000\040\000X\0002\0000\0000\000-\0001\0008\0000\0004\0001\0007}{section.164}% 69
\BOOKMARK [0][-]{appendix.190}{\376\377\000T\000e\000n\000s\000i\000l\000e\000\040\000p\000r\000o\000p\000e\000r\000t\000i\000e\000s\000\040\000d\000e\000t\000a\000i\000l\000s}{}% 70
\BOOKMARK [1][-]{section.191}{\376\377\000A\000s\000-\000b\000u\000i\000l\000t\000\040\000s\000a\000m\000p\000l\000e\000s}{appendix.190}% 71
\BOOKMARK [2][-]{subsection.193}{\376\377\000H\000e\000a\000t\000\040\000t\000r\000e\000a\000t\000e\000d\000\040\000s\000a\000m\000p\000l\000e\000s}{section.191}% 72
\BOOKMARK [0][-]{appendix.195}{\376\377\000H\000e\000a\000t\000\040\000t\000r\000e\000a\000t\000m\000e\000n\000t\000s\000\040\000d\000e\000t\000a\000i\000l\000s}{}% 73
\BOOKMARK [0][-]{appendix.196}{\376\377\000E\000x\000t\000r\000a\000c\000t\000\040\000o\000f\000\040\000V\000i\000c\000k\000e\000r\000s\000\040\000h\000a\000r\000d\000n\000e\000s\000s\000\040\000c\000o\000n\000v\000e\000r\000s\000i\000o\000n\000\040\000t\000a\000b\000l\000e\000\040\000\050\000H\000V\0001\0000\000\051}{}% 74
\BOOKMARK [0][-]{appendix.198}{\376\377\000P\000r\000o\000c\000e\000d\000u\000r\000e\000\040\000f\000o\000r\000\040\000t\000h\000e\000\040\000c\000o\000n\000f\000i\000d\000e\000n\000c\000e\000\040\000i\000n\000t\000e\000r\000v\000a\000l\000s\000\040\000c\000o\000m\000p\000u\000t\000a\000t\000i\000o\000n}{}% 75
\BOOKMARK [1][-]{section.199}{\376\377\000A\000p\000p\000a\000r\000e\000n\000t\000\040\000r\000e\000l\000a\000t\000i\000v\000e\000\040\000d\000e\000n\000s\000i\000t\000y}{appendix.198}% 76
\BOOKMARK [1][-]{section.200}{\376\377\000V\000i\000c\000k\000e\000r\000s\000\040\000h\000a\000r\000d\000n\000e\000s\000s}{appendix.198}% 77
\BOOKMARK [0][-]{appendix.201}{\376\377\000R\000e\000p\000r\000o\000d\000u\000c\000i\000b\000i\000l\000i\000t\000y\000\040\000s\000t\000u\000d\000y\000\040\000a\000d\000d\000i\000t\000i\000o\000n\000a\000l\000\040\000p\000l\000o\000t\000s}{}% 78
\BOOKMARK [0][-]{appendix*.206}{\376\377\000B\000i\000b\000l\000i\000o\000g\000r\000a\000p\000h\000y}{}% 79
